Simulation begun at: Sun Nov 22 17:19:49 2020
Procrystal Monte Carlo
Written By: David OM, Wilson Group, 2019
------------------------------------------------------------
Reading input file parameters
    Reading procrystal parameters
        Lattice type: sq
        Node coordination: 3
        Random links selected
        Lattice dimension: 8
    Reading Monte Carlo parameters
        Random seed:  0
        Temperature:  0.00000000
        Samples:  1
    Reading output parameters
        Output prefix:  ../../output/sq3
        Write samples:  1
        Write clusters:  0
        Calculate and write RDFs:  0
        RDF delta:  0.02000000
        Calculate and write structure factor:  0
        Sk delta  0.01000000
        Sk max n  100
------------------------------------------------------------
Procrystal Generation - Monte Carlo
    Sample 0 generated in 7155 iterations
------------------------------------------------------------
Duration: 0.00000000 minutes
